<?xml version="1.0" encoding="UTF-8"?>
<!-- Generated by org.testng.reporters.JUnitXMLReporter -->
<testsuite ignored="0" hostname="aVis-mach1ne" failures="0" tests="7" name="Selenium Tests" time="144.227" errors="0" timestamp="2022-02-10T23:45:27 IST">
  <testcase classname="selenium.ActionsClass" name="Scenario" time="11.303"/>
  <testcase classname="selenium.Alerts_messageBox_Frames" name="AlertMessages" time="16.685"/>
  <testcase classname="selenium.Alerts_messageBox_Frames" name="Frames" time="14.673"/>
  <testcase classname="selenium.Forms_TextBox_Radio_CheckBox" name="scenario1" time="29.196"/>
  <testcase classname="selenium.Implicit_Explicit_PageLoad_FluentWait" name="scenario1" time="10.15"/>
  <testcase classname="selenium.xpath_child_parent_regex" name="scenario1" time="33.902"/>
  <testcase classname="selenium.xpath_css" name="scenario1" time="28.256"/>
</testsuite> <!-- Selenium Tests -->
