<?xml version="1.0" encoding="UTF-8"?>
<!-- Generated by org.testng.reporters.JUnitXMLReporter -->
<testsuite ignored="0" hostname="aVis-mach1ne" failures="0" tests="7" name="Selenium Tests" time="151.82" errors="0" timestamp="2022-02-10T23:58:10 IST">
  <testcase classname="selenium.ActionsClass" name="Scenario" time="15.098"/>
  <testcase classname="selenium.Alerts_messageBox_Frames" name="AlertMessages" time="14.77"/>
  <testcase classname="selenium.Alerts_messageBox_Frames" name="Frames" time="15.565"/>
  <testcase classname="selenium.Forms_TextBox_Radio_CheckBox" name="scenario1" time="30.121"/>
  <testcase classname="selenium.Implicit_Explicit_PageLoad_FluentWait" name="scenario1" time="18.319"/>
  <testcase classname="selenium.xpath_child_parent_regex" name="scenario1" time="28.859"/>
  <testcase classname="selenium.xpath_css" name="scenario1" time="29.048"/>
</testsuite> <!-- Selenium Tests -->
